<?xml version="1.0" encoding="UTF-8"?>
<!-- Generated by org.testng.reporters.JUnitXMLReporter -->
<testsuite ignored="0" hostname="DESKTOP-VA61BRK" failures="1" tests="3" name="Tutorial Ninja Testcases" time="14.864" errors="0" timestamp="2024-08-08T13:07:30 IST">
  <testcase classname="com.tutorialninja.qa.testcases.SearchTest" name="verifySearchWithValidProduct" time="0.708"/>
  <testcase classname="com.tutorialninja.qa.testcases.SearchTest" name="verifySearchWithInValidProduct" time="0.759">
    <failure type="java.lang.AssertionError" message="No product in search result is not ddisplayed expected [abcd] but found [There is no product that matches the search criteria.]">
      <![CDATA[java.lang.AssertionError: No product in search result is not ddisplayed expected [abcd] but found [There is no product that matches the search criteria.]
at com.tutorialninja.qa.testcases.SearchTest.verifySearchWithInValidProduct(SearchTest.java:48)
at java.base/java.util.ArrayList.forEach(ArrayList.java:1511)
... Removed 32 stack frames]]>
    </failure>
  </testcase> <!-- verifySearchWithInValidProduct -->
  <testcase classname="com.tutorialninja.qa.testcases.SearchTest" name="verifySearchWithoutAnyProduct" time="0.0">
    <skipped/>
  </testcase> <!-- verifySearchWithoutAnyProduct -->
</testsuite> <!-- Tutorial Ninja Testcases -->
