<?xml version="1.0" encoding="UTF-8"?>
<testng-results ignored="0" total="3" passed="3" failed="0" skipped="0">
  <reporter-output>
  </reporter-output>
  <suite started-at="2024-08-23T18:04:46 IST" name="Default suite" finished-at="2024-08-23T18:05:04 IST" duration-ms="17925">
    <groups>
    </groups>
    <test started-at="2024-08-23T18:04:46 IST" name="Default test" finished-at="2024-08-23T18:05:04 IST" duration-ms="17925">
      <class name="com.tutorialninja.qa.testcases.LoginTest">
        <test-method is-config="true" signature="setUp()[pri:0, instance:com.tutorialninja.qa.testcases.LoginTest@47eaca72]" started-at="2024-08-23T18:04:47 IST" name="setUp" finished-at="2024-08-23T18:04:52 IST" duration-ms="5511" status="PASS">
          <reporter-output>
          </reporter-output>
        </test-method> <!-- setUp -->
        <test-method signature="verifyLoginWithValidCredentials(java.lang.String,java.lang.String)[pri:1, instance:com.tutorialninja.qa.testcases.LoginTest@47eaca72]" started-at="2024-08-23T18:04:52 IST" name="verifyLoginWithValidCredentials" data-provider="validCredentialsSupplier" finished-at="2024-08-23T18:04:53 IST" duration-ms="987" status="PASS">
          <params>
            <param index="0">
              <value>
                <![CDATA[rajeshkumarginjupalli@gmail.com]]>
              </value>
            </param>
            <param index="1">
              <value>
                <![CDATA[Rajesh@123]]>
              </value>
            </param>
          </params>
          <reporter-output>
          </reporter-output>
        </test-method> <!-- verifyLoginWithValidCredentials -->
        <test-method is-config="true" signature="earDown()[pri:0, instance:com.tutorialninja.qa.testcases.LoginTest@47eaca72]" started-at="2024-08-23T18:04:53 IST" name="earDown" finished-at="2024-08-23T18:04:53 IST" duration-ms="187" status="PASS">
          <reporter-output>
          </reporter-output>
        </test-method> <!-- earDown -->
        <test-method is-config="true" signature="setUp()[pri:0, instance:com.tutorialninja.qa.testcases.LoginTest@47eaca72]" started-at="2024-08-23T18:04:53 IST" name="setUp" finished-at="2024-08-23T18:04:57 IST" duration-ms="3829" status="PASS">
          <reporter-output>
          </reporter-output>
        </test-method> <!-- setUp -->
        <test-method signature="verifyLoginWithValidCredentials(java.lang.String,java.lang.String)[pri:1, instance:com.tutorialninja.qa.testcases.LoginTest@47eaca72]" started-at="2024-08-23T18:04:57 IST" name="verifyLoginWithValidCredentials" data-provider="validCredentialsSupplier" finished-at="2024-08-23T18:04:58 IST" duration-ms="1045" status="PASS">
          <params>
            <param index="0">
              <value>
                <![CDATA[rajeshkumarginjupalli@gmail.com]]>
              </value>
            </param>
            <param index="1">
              <value>
                <![CDATA[Rajesh@123]]>
              </value>
            </param>
          </params>
          <reporter-output>
          </reporter-output>
        </test-method> <!-- verifyLoginWithValidCredentials -->
        <test-method is-config="true" signature="earDown()[pri:0, instance:com.tutorialninja.qa.testcases.LoginTest@47eaca72]" started-at="2024-08-23T18:04:58 IST" name="earDown" finished-at="2024-08-23T18:04:58 IST" duration-ms="169" status="PASS">
          <reporter-output>
          </reporter-output>
        </test-method> <!-- earDown -->
        <test-method is-config="true" signature="setUp()[pri:0, instance:com.tutorialninja.qa.testcases.LoginTest@47eaca72]" started-at="2024-08-23T18:04:58 IST" name="setUp" finished-at="2024-08-23T18:05:02 IST" duration-ms="4110" status="PASS">
          <reporter-output>
          </reporter-output>
        </test-method> <!-- setUp -->
        <test-method signature="verifyLoginWithValidCredentials(java.lang.String,java.lang.String)[pri:1, instance:com.tutorialninja.qa.testcases.LoginTest@47eaca72]" started-at="2024-08-23T18:05:02 IST" name="verifyLoginWithValidCredentials" data-provider="validCredentialsSupplier" finished-at="2024-08-23T18:05:04 IST" duration-ms="1249" status="PASS">
          <params>
            <param index="0">
              <value>
                <![CDATA[rajeshkumarginjupalli@gmail.com]]>
              </value>
            </param>
            <param index="1">
              <value>
                <![CDATA[Rajesh@123]]>
              </value>
            </param>
          </params>
          <reporter-output>
          </reporter-output>
        </test-method> <!-- verifyLoginWithValidCredentials -->
        <test-method is-config="true" signature="earDown()[pri:0, instance:com.tutorialninja.qa.testcases.LoginTest@47eaca72]" started-at="2024-08-23T18:05:04 IST" name="earDown" finished-at="2024-08-23T18:05:04 IST" duration-ms="146" status="PASS">
          <reporter-output>
          </reporter-output>
        </test-method> <!-- earDown -->
      </class> <!-- com.tutorialninja.qa.testcases.LoginTest -->
    </test> <!-- Default test -->
  </suite> <!-- Default suite -->
</testng-results>
