<?xml version="1.0" encoding="UTF-8"?>
<!-- Generated by org.testng.reporters.JUnitReportReporter -->
<testsuite hostname="DESKTOP-VA61BRK" failures="0" tests="3" name="com.tutorialninja.qa.testcases.LoginTest" time="17.233" errors="0" timestamp="2024-08-23T18:05:04 IST" skipped="0">
  <testcase classname="com.tutorialninja.qa.testcases.LoginTest" name="verifyLoginWithValidCredentials" time="5.284"/>
  <testcase classname="com.tutorialninja.qa.testcases.LoginTest" name="verifyLoginWithValidCredentials" time="6.906"/>
  <testcase classname="com.tutorialninja.qa.testcases.LoginTest" name="verifyLoginWithValidCredentials" time="5.043"/>
</testsuite> <!-- com.tutorialninja.qa.testcases.LoginTest -->
